<?xml version="1.0" encoding="UTF-8"?>
<testsuite name="FileServerTest" tests="1" skipped="0" failures="0" errors="0" timestamp="2022-03-08T15:38:03" hostname="DESKTOP-HNQ0AKR" time="5.137">
  <properties/>
  <testcase name="start" classname="FileServerTest" time="5.137"/>
  <system-out><![CDATA[?[1;31m
Start test 1?[0m
Server started!
Enter action (1 - get a file, 2 - create a file, 3 - delete a file): > exit
cmd exit
filename 
newName 
nameOrId 0
id -1
content null
?[1;31m
Start test 2?[0m
?[1;31m
Start test 3?[0m
Server started!
Enter action (1 - get a file, 2 - create a file, 3 - delete a file): > 2
Enter name of the file: > test_purpose_test1.txt
Enter name of the file to be saved on server: > 
The request was sent.
cmd PUT
filename test_purpose_test1.txt
newName 
nameOrId 0
id -1
content [B@2dd0669
Response says that file is saved! ID = 0
Enter action (1 - get a file, 2 - create a file, 3 - delete a file): > 2
Enter name of the file: > test_purpose_test2.txt
Enter name of the file to be saved on server: > test_purpose_newFile.txt
The request was sent.
cmd PUT
filename test_purpose_test2.txt
newName test_purpose_newFile.txt
nameOrId 0
id -1
content [B@8167143
Response says that file is saved! ID = 1
Enter action (1 - get a file, 2 - create a file, 3 - delete a file): > 1
Do you want to get the file by name or by id (1 - name, 2 - id): > 1
Enter name of the file: > test_purpose_notExist.txt
The request was sent.
cmd GET
filename test_purpose_notExist.txt
newName 
nameOrId 1
id -1
content null
The response says that this file is not found!
Enter action (1 - get a file, 2 - create a file, 3 - delete a file): > 1
Do you want to get the file by name or by id (1 - name, 2 - id): > 2
Enter id: > 0511
The request was sent.
cmd GET
filename 
newName 
nameOrId 2
id 511
content null
The response says that this file is not found!
Enter action (1 - get a file, 2 - create a file, 3 - delete a file): > 1
Do you want to get the file by name or by id (1 - name, 2 - id): > 1
Enter name of the file: > test_purpose_newFile.txt
The request was sent.
cmd GET
filename test_purpose_newFile.txt
newName 
nameOrId 1
id -1
content null

The file was downloaded! Specify a name for it: > test_purpose_get.txt
Enter action (1 - get a file, 2 - create a file, 3 - delete a file): > 1
Do you want to get the file by name or by id (1 - name, 2 - id): > 2
Enter id: > 0
The request was sent.
cmd GET
filename 
newName 
nameOrId 2
id 0
content null

The file was downloaded! Specify a name for it: > test_purpose_get_id.txt
Enter action (1 - get a file, 2 - create a file, 3 - delete a file): > exit
cmd exit
filename 
newName 
nameOrId 0
id -1
content null
?[1;31m
Start test 4?[0m
Server started!
Enter action (1 - get a file, 2 - create a file, 3 - delete a file): > 1
Do you want to get the file by name or by id (1 - name, 2 - id): > 1
Enter name of the file: > test_purpose_newFile.txt
The request was sent.
cmd GET
filename test_purpose_newFile.txt
newName 
nameOrId 1
id -1
content null

The file was downloaded! Specify a name for it: > test_purpose_get_after_restart.txt
Enter action (1 - get a file, 2 - create a file, 3 - delete a file): > 1
Do you want to get the file by name or by id (1 - name, 2 - id): > 2
Enter id: > 0
cmd GET
filename 
newName 
nameOrId 2
id 0
content null
The request was sent.

The file was downloaded! Specify a name for it: > test_purpose_get_by_id_after_restart.txt
Enter action (1 - get a file, 2 - create a file, 3 - delete a file): > exit
cmd exit
filename 
newName 
nameOrId 0
id -1
content null
?[1;31m
Start test 5?[0m
Server started!
Enter action (1 - get a file, 2 - create a file, 3 - delete a file): > 3
Do you want to delete the file by name or by id (1 - name, 2 - id): > 1
Enter name of the file: > test_purpose_newFile.txt
The request was sent.
cmd DELETE
filename test_purpose_newFile.txt
newName 
nameOrId 1
id -1
content null
Response says that the file is successfully deleted!
Enter action (1 - get a file, 2 - create a file, 3 - delete a file): > 3
Do you want to delete the file by name or by id (1 - name, 2 - id): > 2
Enter id: > 0
The request was sent.
cmd DELETE
filename 
newName 
nameOrId 2
id 0
content null
Response says that the file is successfully deleted!
Enter action (1 - get a file, 2 - create a file, 3 - delete a file): > exit
cmd exit
filename 
newName 
nameOrId 0
id -1
content null
]]></system-out>
  <system-err><![CDATA[]]></system-err>
</testsuite>
